C:\USERS\LOQ\DOCUMENTS\VISUAL STUDIO 2012\PROJECTS\MYLEGACY7\MYLEGACY7\DEBUG\VC110.PDB
C:\USERS\LOQ\DOCUMENTS\VISUAL STUDIO 2012\PROJECTS\MYLEGACY7\DEBUG\SOLAR SYSTEM.ILK
C:\USERS\LOQ\DOCUMENTS\VISUAL STUDIO 2012\PROJECTS\MYLEGACY7\DEBUG\SOLAR SYSTEM.EXE
C:\USERS\LOQ\DOCUMENTS\VISUAL STUDIO 2012\PROJECTS\MYLEGACY7\DEBUG\SOLAR SYSTEM.PDB
C:\Users\LOQ\Documents\Visual Studio 2012\Projects\mylegacy7\mylegacy7\Debug\cl.command.1.tlog
C:\Users\LOQ\Documents\Visual Studio 2012\Projects\mylegacy7\mylegacy7\Debug\CL.read.1.tlog
C:\Users\LOQ\Documents\Visual Studio 2012\Projects\mylegacy7\mylegacy7\Debug\CL.write.1.tlog
C:\Users\LOQ\Documents\Visual Studio 2012\Projects\mylegacy7\mylegacy7\Debug\link-cvtres.read.1.tlog
C:\Users\LOQ\Documents\Visual Studio 2012\Projects\mylegacy7\mylegacy7\Debug\link-cvtres.write.1.tlog
C:\Users\LOQ\Documents\Visual Studio 2012\Projects\mylegacy7\mylegacy7\Debug\link-rc.read.1.tlog
C:\Users\LOQ\Documents\Visual Studio 2012\Projects\mylegacy7\mylegacy7\Debug\link-rc.write.1.tlog
C:\Users\LOQ\Documents\Visual Studio 2012\Projects\mylegacy7\mylegacy7\Debug\link.11668-cvtres.read.1.tlog
C:\Users\LOQ\Documents\Visual Studio 2012\Projects\mylegacy7\mylegacy7\Debug\link.11668-cvtres.write.1.tlog
C:\Users\LOQ\Documents\Visual Studio 2012\Projects\mylegacy7\mylegacy7\Debug\link.11668-rc.read.1.tlog
C:\Users\LOQ\Documents\Visual Studio 2012\Projects\mylegacy7\mylegacy7\Debug\link.11668-rc.write.1.tlog
C:\Users\LOQ\Documents\Visual Studio 2012\Projects\mylegacy7\mylegacy7\Debug\link.11668.read.1.tlog
C:\Users\LOQ\Documents\Visual Studio 2012\Projects\mylegacy7\mylegacy7\Debug\link.11668.write.1.tlog
C:\Users\LOQ\Documents\Visual Studio 2012\Projects\mylegacy7\mylegacy7\Debug\link.14428-cvtres.read.1.tlog
C:\Users\LOQ\Documents\Visual Studio 2012\Projects\mylegacy7\mylegacy7\Debug\link.14428-cvtres.write.1.tlog
C:\Users\LOQ\Documents\Visual Studio 2012\Projects\mylegacy7\mylegacy7\Debug\link.14428-rc.read.1.tlog
C:\Users\LOQ\Documents\Visual Studio 2012\Projects\mylegacy7\mylegacy7\Debug\link.14428-rc.write.1.tlog
C:\Users\LOQ\Documents\Visual Studio 2012\Projects\mylegacy7\mylegacy7\Debug\link.14428.read.1.tlog
C:\Users\LOQ\Documents\Visual Studio 2012\Projects\mylegacy7\mylegacy7\Debug\link.14428.write.1.tlog
C:\Users\LOQ\Documents\Visual Studio 2012\Projects\mylegacy7\mylegacy7\Debug\link.15072-cvtres.read.1.tlog
C:\Users\LOQ\Documents\Visual Studio 2012\Projects\mylegacy7\mylegacy7\Debug\link.15072-cvtres.write.1.tlog
C:\Users\LOQ\Documents\Visual Studio 2012\Projects\mylegacy7\mylegacy7\Debug\link.15072-rc.read.1.tlog
C:\Users\LOQ\Documents\Visual Studio 2012\Projects\mylegacy7\mylegacy7\Debug\link.15072-rc.write.1.tlog
C:\Users\LOQ\Documents\Visual Studio 2012\Projects\mylegacy7\mylegacy7\Debug\link.15072.read.1.tlog
C:\Users\LOQ\Documents\Visual Studio 2012\Projects\mylegacy7\mylegacy7\Debug\link.15072.write.1.tlog
C:\Users\LOQ\Documents\Visual Studio 2012\Projects\mylegacy7\mylegacy7\Debug\link.15840-cvtres.read.1.tlog
C:\Users\LOQ\Documents\Visual Studio 2012\Projects\mylegacy7\mylegacy7\Debug\link.15840-cvtres.write.1.tlog
C:\Users\LOQ\Documents\Visual Studio 2012\Projects\mylegacy7\mylegacy7\Debug\link.15840-rc.read.1.tlog
C:\Users\LOQ\Documents\Visual Studio 2012\Projects\mylegacy7\mylegacy7\Debug\link.15840-rc.write.1.tlog
C:\Users\LOQ\Documents\Visual Studio 2012\Projects\mylegacy7\mylegacy7\Debug\link.15840.read.1.tlog
C:\Users\LOQ\Documents\Visual Studio 2012\Projects\mylegacy7\mylegacy7\Debug\link.15840.write.1.tlog
C:\Users\LOQ\Documents\Visual Studio 2012\Projects\mylegacy7\mylegacy7\Debug\link.17244-cvtres.read.1.tlog
C:\Users\LOQ\Documents\Visual Studio 2012\Projects\mylegacy7\mylegacy7\Debug\link.17244-cvtres.write.1.tlog
C:\Users\LOQ\Documents\Visual Studio 2012\Projects\mylegacy7\mylegacy7\Debug\link.17244-rc.read.1.tlog
C:\Users\LOQ\Documents\Visual Studio 2012\Projects\mylegacy7\mylegacy7\Debug\link.17244-rc.write.1.tlog
C:\Users\LOQ\Documents\Visual Studio 2012\Projects\mylegacy7\mylegacy7\Debug\link.17244.read.1.tlog
C:\Users\LOQ\Documents\Visual Studio 2012\Projects\mylegacy7\mylegacy7\Debug\link.17244.write.1.tlog
C:\Users\LOQ\Documents\Visual Studio 2012\Projects\mylegacy7\mylegacy7\Debug\link.1740-cvtres.read.1.tlog
C:\Users\LOQ\Documents\Visual Studio 2012\Projects\mylegacy7\mylegacy7\Debug\link.1740-cvtres.write.1.tlog
C:\Users\LOQ\Documents\Visual Studio 2012\Projects\mylegacy7\mylegacy7\Debug\link.1740-rc.read.1.tlog
C:\Users\LOQ\Documents\Visual Studio 2012\Projects\mylegacy7\mylegacy7\Debug\link.1740-rc.write.1.tlog
C:\Users\LOQ\Documents\Visual Studio 2012\Projects\mylegacy7\mylegacy7\Debug\link.1740.read.1.tlog
C:\Users\LOQ\Documents\Visual Studio 2012\Projects\mylegacy7\mylegacy7\Debug\link.1740.write.1.tlog
C:\Users\LOQ\Documents\Visual Studio 2012\Projects\mylegacy7\mylegacy7\Debug\link.17764-cvtres.read.1.tlog
C:\Users\LOQ\Documents\Visual Studio 2012\Projects\mylegacy7\mylegacy7\Debug\link.17764-cvtres.write.1.tlog
C:\Users\LOQ\Documents\Visual Studio 2012\Projects\mylegacy7\mylegacy7\Debug\link.17764-rc.read.1.tlog
C:\Users\LOQ\Documents\Visual Studio 2012\Projects\mylegacy7\mylegacy7\Debug\link.17764-rc.write.1.tlog
C:\Users\LOQ\Documents\Visual Studio 2012\Projects\mylegacy7\mylegacy7\Debug\link.17764.read.1.tlog
C:\Users\LOQ\Documents\Visual Studio 2012\Projects\mylegacy7\mylegacy7\Debug\link.17764.write.1.tlog
C:\Users\LOQ\Documents\Visual Studio 2012\Projects\mylegacy7\mylegacy7\Debug\link.18240-cvtres.read.1.tlog
C:\Users\LOQ\Documents\Visual Studio 2012\Projects\mylegacy7\mylegacy7\Debug\link.18240-cvtres.write.1.tlog
C:\Users\LOQ\Documents\Visual Studio 2012\Projects\mylegacy7\mylegacy7\Debug\link.18240-rc.read.1.tlog
C:\Users\LOQ\Documents\Visual Studio 2012\Projects\mylegacy7\mylegacy7\Debug\link.18240-rc.write.1.tlog
C:\Users\LOQ\Documents\Visual Studio 2012\Projects\mylegacy7\mylegacy7\Debug\link.18240.read.1.tlog
C:\Users\LOQ\Documents\Visual Studio 2012\Projects\mylegacy7\mylegacy7\Debug\link.18240.write.1.tlog
C:\Users\LOQ\Documents\Visual Studio 2012\Projects\mylegacy7\mylegacy7\Debug\link.18872-cvtres.read.1.tlog
C:\Users\LOQ\Documents\Visual Studio 2012\Projects\mylegacy7\mylegacy7\Debug\link.18872-cvtres.write.1.tlog
C:\Users\LOQ\Documents\Visual Studio 2012\Projects\mylegacy7\mylegacy7\Debug\link.18872-rc.read.1.tlog
C:\Users\LOQ\Documents\Visual Studio 2012\Projects\mylegacy7\mylegacy7\Debug\link.18872-rc.write.1.tlog
C:\Users\LOQ\Documents\Visual Studio 2012\Projects\mylegacy7\mylegacy7\Debug\link.18872.read.1.tlog
C:\Users\LOQ\Documents\Visual Studio 2012\Projects\mylegacy7\mylegacy7\Debug\link.18872.write.1.tlog
C:\Users\LOQ\Documents\Visual Studio 2012\Projects\mylegacy7\mylegacy7\Debug\link.2012-cvtres.read.1.tlog
C:\Users\LOQ\Documents\Visual Studio 2012\Projects\mylegacy7\mylegacy7\Debug\link.2012-cvtres.write.1.tlog
C:\Users\LOQ\Documents\Visual Studio 2012\Projects\mylegacy7\mylegacy7\Debug\link.2012-rc.read.1.tlog
C:\Users\LOQ\Documents\Visual Studio 2012\Projects\mylegacy7\mylegacy7\Debug\link.2012-rc.write.1.tlog
C:\Users\LOQ\Documents\Visual Studio 2012\Projects\mylegacy7\mylegacy7\Debug\link.2012.read.1.tlog
C:\Users\LOQ\Documents\Visual Studio 2012\Projects\mylegacy7\mylegacy7\Debug\link.2012.write.1.tlog
C:\Users\LOQ\Documents\Visual Studio 2012\Projects\mylegacy7\mylegacy7\Debug\link.21736-cvtres.read.1.tlog
C:\Users\LOQ\Documents\Visual Studio 2012\Projects\mylegacy7\mylegacy7\Debug\link.21736-cvtres.write.1.tlog
C:\Users\LOQ\Documents\Visual Studio 2012\Projects\mylegacy7\mylegacy7\Debug\link.21736-rc.read.1.tlog
C:\Users\LOQ\Documents\Visual Studio 2012\Projects\mylegacy7\mylegacy7\Debug\link.21736-rc.write.1.tlog
C:\Users\LOQ\Documents\Visual Studio 2012\Projects\mylegacy7\mylegacy7\Debug\link.21736.read.1.tlog
C:\Users\LOQ\Documents\Visual Studio 2012\Projects\mylegacy7\mylegacy7\Debug\link.21736.write.1.tlog
C:\Users\LOQ\Documents\Visual Studio 2012\Projects\mylegacy7\mylegacy7\Debug\link.22076-cvtres.read.1.tlog
C:\Users\LOQ\Documents\Visual Studio 2012\Projects\mylegacy7\mylegacy7\Debug\link.22076-cvtres.write.1.tlog
C:\Users\LOQ\Documents\Visual Studio 2012\Projects\mylegacy7\mylegacy7\Debug\link.22076-rc.read.1.tlog
C:\Users\LOQ\Documents\Visual Studio 2012\Projects\mylegacy7\mylegacy7\Debug\link.22076-rc.write.1.tlog
C:\Users\LOQ\Documents\Visual Studio 2012\Projects\mylegacy7\mylegacy7\Debug\link.22076.read.1.tlog
C:\Users\LOQ\Documents\Visual Studio 2012\Projects\mylegacy7\mylegacy7\Debug\link.22076.write.1.tlog
C:\Users\LOQ\Documents\Visual Studio 2012\Projects\mylegacy7\mylegacy7\Debug\link.22464-cvtres.read.1.tlog
C:\Users\LOQ\Documents\Visual Studio 2012\Projects\mylegacy7\mylegacy7\Debug\link.22464-cvtres.write.1.tlog
C:\Users\LOQ\Documents\Visual Studio 2012\Projects\mylegacy7\mylegacy7\Debug\link.22464-rc.read.1.tlog
C:\Users\LOQ\Documents\Visual Studio 2012\Projects\mylegacy7\mylegacy7\Debug\link.22464-rc.write.1.tlog
C:\Users\LOQ\Documents\Visual Studio 2012\Projects\mylegacy7\mylegacy7\Debug\link.22464.read.1.tlog
C:\Users\LOQ\Documents\Visual Studio 2012\Projects\mylegacy7\mylegacy7\Debug\link.22464.write.1.tlog
C:\Users\LOQ\Documents\Visual Studio 2012\Projects\mylegacy7\mylegacy7\Debug\link.27216-cvtres.read.1.tlog
C:\Users\LOQ\Documents\Visual Studio 2012\Projects\mylegacy7\mylegacy7\Debug\link.27216-cvtres.write.1.tlog
C:\Users\LOQ\Documents\Visual Studio 2012\Projects\mylegacy7\mylegacy7\Debug\link.27216-rc.read.1.tlog
C:\Users\LOQ\Documents\Visual Studio 2012\Projects\mylegacy7\mylegacy7\Debug\link.27216-rc.write.1.tlog
C:\Users\LOQ\Documents\Visual Studio 2012\Projects\mylegacy7\mylegacy7\Debug\link.27216.read.1.tlog
C:\Users\LOQ\Documents\Visual Studio 2012\Projects\mylegacy7\mylegacy7\Debug\link.27216.write.1.tlog
C:\Users\LOQ\Documents\Visual Studio 2012\Projects\mylegacy7\mylegacy7\Debug\link.692-cvtres.read.1.tlog
C:\Users\LOQ\Documents\Visual Studio 2012\Projects\mylegacy7\mylegacy7\Debug\link.692-cvtres.write.1.tlog
C:\Users\LOQ\Documents\Visual Studio 2012\Projects\mylegacy7\mylegacy7\Debug\link.692-rc.read.1.tlog
C:\Users\LOQ\Documents\Visual Studio 2012\Projects\mylegacy7\mylegacy7\Debug\link.692-rc.write.1.tlog
C:\Users\LOQ\Documents\Visual Studio 2012\Projects\mylegacy7\mylegacy7\Debug\link.692.read.1.tlog
C:\Users\LOQ\Documents\Visual Studio 2012\Projects\mylegacy7\mylegacy7\Debug\link.692.write.1.tlog
C:\Users\LOQ\Documents\Visual Studio 2012\Projects\mylegacy7\mylegacy7\Debug\link.6972-cvtres.read.1.tlog
C:\Users\LOQ\Documents\Visual Studio 2012\Projects\mylegacy7\mylegacy7\Debug\link.6972-cvtres.write.1.tlog
C:\Users\LOQ\Documents\Visual Studio 2012\Projects\mylegacy7\mylegacy7\Debug\link.6972-rc.read.1.tlog
C:\Users\LOQ\Documents\Visual Studio 2012\Projects\mylegacy7\mylegacy7\Debug\link.6972-rc.write.1.tlog
C:\Users\LOQ\Documents\Visual Studio 2012\Projects\mylegacy7\mylegacy7\Debug\link.6972.read.1.tlog
C:\Users\LOQ\Documents\Visual Studio 2012\Projects\mylegacy7\mylegacy7\Debug\link.6972.write.1.tlog
C:\Users\LOQ\Documents\Visual Studio 2012\Projects\mylegacy7\mylegacy7\Debug\link.732-cvtres.read.1.tlog
C:\Users\LOQ\Documents\Visual Studio 2012\Projects\mylegacy7\mylegacy7\Debug\link.732-cvtres.write.1.tlog
C:\Users\LOQ\Documents\Visual Studio 2012\Projects\mylegacy7\mylegacy7\Debug\link.732-rc.read.1.tlog
C:\Users\LOQ\Documents\Visual Studio 2012\Projects\mylegacy7\mylegacy7\Debug\link.732-rc.write.1.tlog
C:\Users\LOQ\Documents\Visual Studio 2012\Projects\mylegacy7\mylegacy7\Debug\link.732.read.1.tlog
C:\Users\LOQ\Documents\Visual Studio 2012\Projects\mylegacy7\mylegacy7\Debug\link.732.write.1.tlog
C:\Users\LOQ\Documents\Visual Studio 2012\Projects\mylegacy7\mylegacy7\Debug\link.8456-cvtres.read.1.tlog
C:\Users\LOQ\Documents\Visual Studio 2012\Projects\mylegacy7\mylegacy7\Debug\link.8456-cvtres.write.1.tlog
C:\Users\LOQ\Documents\Visual Studio 2012\Projects\mylegacy7\mylegacy7\Debug\link.8456-rc.read.1.tlog
C:\Users\LOQ\Documents\Visual Studio 2012\Projects\mylegacy7\mylegacy7\Debug\link.8456-rc.write.1.tlog
C:\Users\LOQ\Documents\Visual Studio 2012\Projects\mylegacy7\mylegacy7\Debug\link.8456.read.1.tlog
C:\Users\LOQ\Documents\Visual Studio 2012\Projects\mylegacy7\mylegacy7\Debug\link.8456.write.1.tlog
C:\Users\LOQ\Documents\Visual Studio 2012\Projects\mylegacy7\mylegacy7\Debug\link.9032-cvtres.read.1.tlog
C:\Users\LOQ\Documents\Visual Studio 2012\Projects\mylegacy7\mylegacy7\Debug\link.9032-cvtres.write.1.tlog
C:\Users\LOQ\Documents\Visual Studio 2012\Projects\mylegacy7\mylegacy7\Debug\link.9032-rc.read.1.tlog
C:\Users\LOQ\Documents\Visual Studio 2012\Projects\mylegacy7\mylegacy7\Debug\link.9032-rc.write.1.tlog
C:\Users\LOQ\Documents\Visual Studio 2012\Projects\mylegacy7\mylegacy7\Debug\link.9032.read.1.tlog
C:\Users\LOQ\Documents\Visual Studio 2012\Projects\mylegacy7\mylegacy7\Debug\link.9032.write.1.tlog
C:\Users\LOQ\Documents\Visual Studio 2012\Projects\mylegacy7\mylegacy7\Debug\link.command.1.tlog
C:\Users\LOQ\Documents\Visual Studio 2012\Projects\mylegacy7\mylegacy7\Debug\link.read.1.tlog
C:\Users\LOQ\Documents\Visual Studio 2012\Projects\mylegacy7\mylegacy7\Debug\link.write.1.tlog
C:\Users\LOQ\Documents\Visual Studio 2012\Projects\mylegacy7\mylegacy7\Debug\vc110.idb
C:\Users\LOQ\Documents\Visual Studio 2012\Projects\mylegacy7\mylegacy7\Debug\vc110.pdb
C:\Users\LOQ\Documents\Visual Studio 2012\Projects\mylegacy7\Debug\Solar System.pdb
C:\Users\LOQ\Documents\Visual Studio 2012\Projects\mylegacy7\Debug\Solar System.exe
C:\Users\LOQ\Documents\Visual Studio 2012\Projects\mylegacy7\Debug\Solar System.ilk
